TN:
SF:/root/rareskills-solidity/Foundry-ethernaut-solutions/echidna/DexEchidna.sol
DA:1,0
DA:8,38
DA:15,0
DA:16,0
DA:17,0
DA:18,0
DA:19,0
DA:20,0
DA:22,0
DA:23,0
DA:24,0
DA:25,0
DA:28,13
DA:29,6
DA:30,62
DA:31,57
DA:33,65
DA:34,21
DA:38,11
DA:39,1
DA:40,8
DA:41,62
DA:43,61
DA:45,25
DA:52,8
DA:53,71
DA:54,70
end_of_record

SF:/root/rareskills-solidity/Foundry-ethernaut-solutions/lib/openzeppelin-contracts/contracts/access/Ownable.sol
DA:29,0
DA:36,0
DA:43,0
DA:44,0
DA:50,0
DA:51,0
DA:61,0
DA:62,0
DA:69,0
DA:70,0
DA:71,0
DA:78,0
DA:79,0
DA:80,0
DA:81,0
end_of_record

SF:/root/rareskills-solidity/Foundry-ethernaut-solutions/lib/openzeppelin-contracts/contracts/token/ERC20/ERC20.sol
DA:35,55
DA:54,0
DA:55,0
DA:56,0
DA:62,8
DA:63,0
DA:70,0
DA:71,0
DA:87,0
DA:88,0
DA:94,4
DA:95,0
DA:101,10
DA:102,13
DA:113,0
DA:115,0
DA:122,3
DA:123,28
DA:136,22
DA:138,6
DA:139,4
DA:158,13
DA:162,1
DA:164,6
DA:165,7
DA:166,2
DA:181,0
DA:183,0
DA:201,0
DA:203,0
DA:204,0
DA:206,0
DA:226,1
DA:231,5
DA:232,5
DA:236,14
DA:237,7
DA:239,20
DA:242,18
DA:245,11
DA:247,1
DA:259,0
DA:260,0
DA:264,0
DA:267,0
DA:269,0
DA:316,5
DA:321,5
DA:322,5
DA:324,32
DA:325,11
DA:336,5
DA:340,1
DA:341,9
DA:342,4
DA:343,7
DA:345,9
DA:364,1
end_of_record

SF:/root/rareskills-solidity/Foundry-ethernaut-solutions/lib/openzeppelin-contracts/contracts/token/ERC20/IERC20.sol
end_of_record

SF:/root/rareskills-solidity/Foundry-ethernaut-solutions/lib/openzeppelin-contracts/contracts/token/ERC20/extensions/IERC20Metadata.sol
end_of_record

SF:/root/rareskills-solidity/Foundry-ethernaut-solutions/lib/openzeppelin-contracts/contracts/utils/Context.sol
DA:18,4
end_of_record

SF:/root/rareskills-solidity/Foundry-ethernaut-solutions/lib/openzeppelin-contracts/contracts/utils/math/SafeMath.sol
DA:16,0
end_of_record

SF:/root/rareskills-solidity/Foundry-ethernaut-solutions/src/BaseLevel.sol
end_of_record

SF:/root/rareskills-solidity/Foundry-ethernaut-solutions/src/Dex/Dex.sol
DA:8,55
DA:10,0
DA:11,0
DA:13,0
DA:14,0
DA:15,0
DA:18,15
DA:22,1
DA:23,11
DA:24,24
DA:25,1
DA:28,11
DA:29,61
DA:32,10
DA:33,59
DA:34,58
DA:35,60
DA:38,11
DA:39,15
DA:42,3
DA:46,2
DA:47,70
DA:48,57
DA:51,5
DA:52,0
DA:53,47
DA:56,6
DA:59,0
DA:61,0
DA:65,55
DA:66,0
DA:70,0
DA:71,0
end_of_record

SF:/root/rareskills-solidity/Foundry-ethernaut-solutions/src/Dex/DexFactory.sol
DA:10,0
DA:12,0
DA:13,0
DA:14,0
DA:15,0
DA:16,0
DA:17,0
DA:19,0
DA:20,0
DA:21,0
DA:22,0
DA:23,0
DA:24,0
DA:25,0
DA:28,0
DA:29,0
DA:30,0
DA:31,0
end_of_record

SF:/root/rareskills-solidity/Foundry-ethernaut-solutions/src/Ethernaut.sol
DA:8,0
DA:16,0
DA:17,0
DA:35,0
DA:38,0
DA:41,0
DA:44,0
DA:47,0
DA:48,0
DA:54,0
DA:56,0
DA:59,0
DA:61,0
DA:64,0
DA:65,0
DA:66,0
DA:69,0
DA:71,0
DA:74,0
DA:76,0
DA:79,0
end_of_record

